{
  "timestamp": "2025-09-17T21:17:50.758533",
  "test_suite": "Perfect21 Complete Test Suite",
  "execution_summary": {
    "total_scripts": 4,
    "successful_scripts": 0,
    "failed_scripts": 4,
    "script_success_rate": 0.0,
    "total_execution_time": 8.297817468643188
  },
  "test_case_summary": {
    "total_tests": 0,
    "successful_tests": 0,
    "failed_tests": 0,
    "error_tests": 0,
    "overall_success_rate": 0
  },
  "detailed_results": [
    {
      "script": "test_agent_selection_core.py",
      "success": false,
      "execution_time": 0.09913516044616699,
      "stdout": "ğŸ¯ Perfect21 Agenté€‰æ‹©é€»è¾‘æ ¸å¿ƒæµ‹è¯•\n==================================================\n\n==================================================\nğŸ“Š Agenté€‰æ‹©æµ‹è¯•æŠ¥å‘Š\n==================================================\næ€»æµ‹è¯•: 6\næˆåŠŸ: 4\nå¤±è´¥: 2\né”™è¯¯: 0\næˆåŠŸç‡: 66.7%\næ‰§è¡Œæ—¶é—´: 0.02ç§’\n\nğŸ“‹ æµ‹è¯•è¦†ç›–èŒƒå›´:\n  âœ… éªŒè¯3-5ä¸ªagentsé€‰æ‹© agent_selection_count_validation\n  âœ… éªŒè¯é€‰æ‹©ç›¸å…³æ€§ agent_selection_relevance\n  âœ… éªŒè¯å·¥ä½œæµä¸­agentåˆ†å¸ƒ workflow_agent_distribution\n  âœ… éªŒè¯æ€§èƒ½å’Œç¼“å­˜ performance_and_caching\n  âœ… éªŒè¯è´Ÿè½½å‡è¡¡ load_balancing\n  âœ… éªŒè¯è¾¹ç•Œæƒ…å†µå¤„ç† edge_cases\n\nâŒ æµ‹è¯•å¤±è´¥è¯¦æƒ…:\n  - test_agent_selection_relevance (__main__.TestAgentSelectionCore) (task='è®¾è®¡ç”¨æˆ·ç•Œé¢ç»„ä»¶')\n    é”™è¯¯: False is not true : æœŸæœ›çš„æŠ€èƒ½ 'frontend' æ²¡æœ‰åœ¨é€‰æ‹©çš„agentsä¸­ä½“ç°\n  - test_edge_cases_in_agent_selection (__main__.TestAgentSelectionCore)\n    é”™è¯¯: 9 not less than or equal to 4\n\nğŸ“„ è¯¦ç»†æŠ¥å‘Šå·²ä¿å­˜: agent_selection_test_report.json\n",
      "stderr": "test_agent_selection_load_balancing (__main__.TestAgentSelectionCore)\næµ‹è¯•Agenté€‰æ‹©çš„è´Ÿè½½å‡è¡¡ ... ok\ntest_agent_selection_performance_and_caching (__main__.TestAgentSelectionCore)\næµ‹è¯•Agenté€‰æ‹©çš„æ€§èƒ½å’Œç¼“å­˜æ•ˆæœ ... ok\ntest_agent_selection_relevance (__main__.TestAgentSelectionCore)\næµ‹è¯•Agenté€‰æ‹©çš„ç›¸å…³æ€§ ... test_agent_selection_returns_3_to_5_agents (__main__.TestAgentSelectionCore)\næµ‹è¯•éªŒè¯æ˜¯å¦çœŸçš„é€‰æ‹©3-5ä¸ªagents ... ok\ntest_edge_cases_in_agent_selection (__main__.TestAgentSelectionCore)\næµ‹è¯•Agenté€‰æ‹©çš„è¾¹ç•Œæƒ…å†µ ... FAIL\ntest_workflow_generation_agent_distribution (__main__.TestAgentSelectionCore)\næµ‹è¯•å·¥ä½œæµç”Ÿæˆä¸­çš„agentåˆ†å¸ƒ ... ok\n\n======================================================================\nFAIL: test_agent_selection_relevance (__main__.TestAgentSelectionCore) (task='è®¾è®¡ç”¨æˆ·ç•Œé¢ç»„ä»¶')\næµ‹è¯•Agenté€‰æ‹©çš„ç›¸å…³æ€§\n----------------------------------------------------------------------\nTraceback (most recent call last):\n  File \"/home/xx/dev/Perfect21/test_agent_selection_core.py\", line 193, in test_agent_selection_relevance\n    self.assertTrue(\nAssertionError: False is not true : æœŸæœ›çš„æŠ€èƒ½ 'frontend' æ²¡æœ‰åœ¨é€‰æ‹©çš„agentsä¸­ä½“ç°\n\n======================================================================\nFAIL: test_edge_cases_in_agent_selection (__main__.TestAgentSelectionCore)\næµ‹è¯•Agenté€‰æ‹©çš„è¾¹ç•Œæƒ…å†µ\n----------------------------------------------------------------------\nTraceback (most recent call last):\n  File \"/home/xx/dev/Perfect21/test_agent_selection_core.py\", line 330, in test_edge_cases_in_agent_selection\n    self.assertLessEqual(len(selected), available_agents_count)\nAssertionError: 9 not less than or equal to 4\n\n----------------------------------------------------------------------\nRan 6 tests in 0.021s\n\nFAILED (failures=2)\n",
      "return_code": 1,
      "test_name": "Agenté€‰æ‹©æ ¸å¿ƒé€»è¾‘æµ‹è¯•",
      "priority": "high"
    },
    {
      "script": "test_git_hooks_integration_complete.py",
      "success": false,
      "execution_time": 1.0988459587097168,
      "stdout": "[main (root-commit) a1f3a21] Initial commit\n 1 file changed, 1 insertion(+)\n create mode 100644 README.md\nğŸ”§ Perfect21 Git Hooksé›†æˆæµ‹è¯•\n==================================================\n\nğŸ“‹ è¿è¡Œ TestGitHooksInstallation\n------------------------------\n.[main (root-commit) a1f3a21] Initial commit\n 1 file changed, 1 insertion(+)\n create mode 100644 README.md\n.[main (root-commit) a1f3a21] Initial commit\n 1 file changed, 1 insertion(+)\n create mode 100644 README.md\n.[main (root-commit) a1f3a21] Initial commit\n 1 file changed, 1 insertion(+)\n create mode 100644 README.md\n[main (root-commit) a1f3a21] Initial commit\n 1 file changed, 1 insertion(+)\n create mode 100644 README.md\n.[main (root-commit) a1f3a21] Initial commit\n 1 file changed, 1 insertion(+)\n create mode 100644 README.md\nF\n======================================================================\nFAIL: test_hook_groups_validation (__main__.TestGitHooksInstallation) (group='essential')\næµ‹è¯•hookç»„çš„æœ‰æ•ˆæ€§\n----------------------------------------------------------------------\nTraceback (most recent call last):\n  File \"/home/xx/dev/Perfect21/test_git_hooks_integration_complete.py\", line 123, in test_hook_groups_validation\n    self.assertIn(hook_name, manager.hooks_config,\nAssertionError: 'pre-commit' not found in {} : ç»„ essential ä¸­çš„hook pre-commit åº”è¯¥åœ¨é…ç½®ä¸­å­˜åœ¨\n\n======================================================================\nFAIL: test_hooks_manager_import_and_basic_functionality (__main__.TestGitHooksInstallation)\næµ‹è¯•GitHooksManagerçš„å¯¼å…¥å’ŒåŸºæœ¬åŠŸèƒ½\n----------------------------------------------------------------------\nTraceback (most recent call last):\n  File \"/home/xx/dev/Perfect21/test_git_hooks_integration_complete.py\", line 77, in test_hooks_manager_import_and_basic_functionality\n    self.assertGreater(len(manager.hooks_config), 0, \"åº”è¯¥æœ‰hooksé…ç½®\")\nAssertionError: 0 not greater than 0 : åº”è¯¥æœ‰hooksé…ç½®\n\n----------------------------------------------------------------------\nRan 6 tests in 0.394s\n\nFAILED (failures=2)\n[main (root-commit) 05444f6] Initial commit\n 1 file changed, 1 insertion(+)\n create mode 100644 README.md\n\nğŸ“‹ è¿è¡Œ TestCLIGitHooksIntegration\n------------------------------\n.[main (root-commit) 05444f6] Initial commit\n 1 file changed, 1 insertion(+)\n create mode 100644 README.md\n.[main (root-commit) 05444f6] Initial commit\n 1 file changed, 1 insertion(+)\n create mode 100644 README.md\n.\n----------------------------------------------------------------------\nRan 3 tests in 0.100s\n\nOK\n\nğŸ“‹ è¿è¡Œ TestWorkflowExecution\n------------------------------\n..\n----------------------------------------------------------------------\nRan 2 tests in 0.403s\n\nOK\n\nğŸ“‹ è¿è¡Œ TestErrorHandlingAndRecovery\n------------------------------\n...\n----------------------------------------------------------------------\nRan 3 tests in 0.014s\n\nOK\n\n==================================================\nğŸ“Š Git Hooksé›†æˆæµ‹è¯•æŠ¥å‘Š\n==================================================\næ€»æµ‹è¯•æ•°: 14\næˆåŠŸ: 12\nå¤±è´¥: 2\né”™è¯¯: 0\næ•´ä½“æˆåŠŸç‡: 85.7%\næ€»æ‰§è¡Œæ—¶é—´: 0.91ç§’\n\nğŸ“‹ å„æµ‹è¯•ç±»ç»“æœ:\n  âš ï¸ TestGitHooksInstallation: 66.7% (6ä¸ªæµ‹è¯•)\n  âœ… TestCLIGitHooksIntegration: 100.0% (3ä¸ªæµ‹è¯•)\n  âœ… TestWorkflowExecution: 100.0% (2ä¸ªæµ‹è¯•)\n  âœ… TestErrorHandlingAndRecovery: 100.0% (3ä¸ªæµ‹è¯•)\n\nğŸ¯ æµ‹è¯•è¦†ç›–èŒƒå›´:\n  âœ… TestGitHooksInstallation Gitä»“åº“è®¾ç½®å’ŒåŸºç¡€åŠŸèƒ½\n  âœ… TestCLIGitHooksIntegration CLIä¸hooksé›†æˆ\n  âœ… TestWorkflowExecution å·¥ä½œæµæ‰§è¡Œé€»è¾‘\n  âœ… TestErrorHandlingAndRecovery é”™è¯¯å¤„ç†å’Œæ¢å¤\n  âœ… å·²è¦†ç›– Hookæ–‡ä»¶åˆ›å»ºå’Œæ‰§è¡Œ\n  âœ… å·²æµ‹è¯• å¹¶è¡Œvsé¡ºåºæ‰§è¡Œ\n  âœ… å·²è¦†ç›– è¾¹ç•Œæ¡ä»¶å¤„ç†\n",
      "stderr": "2025-09-17 21:17:42 - Perfect21.HooksConfig - WARNING - é…ç½®æ–‡ä»¶ä¸å­˜åœ¨: /tmp/tmpv_8xqgwv/features/git_workflow/hooks_config.yaml\n2025-09-17 21:17:42 - Perfect21.HooksManager - INFO - åˆå§‹åŒ–Git Hooksæ’ä»¶ç³»ç»Ÿ...\n2025-09-17 21:17:42 - Perfect21.PluginManager - INFO - å‘ç° 4 ä¸ªæ’ä»¶: ['security_scan', 'message_validator', 'test_runner', 'commit_quality']\n2025-09-17 21:17:42 - Perfect21.PluginManager - INFO - æˆåŠŸåŠ è½½æ’ä»¶: security_scan\n2025-09-17 21:17:42 - Perfect21.PluginManager - INFO - æˆåŠŸåŠ è½½æ’ä»¶: message_validator\n2025-09-17 21:17:42 - Perfect21.PluginManager - INFO - æˆåŠŸåŠ è½½æ’ä»¶: test_runner\n2025-09-17 21:17:42 - Perfect21.PluginManager - INFO - æˆåŠŸåŠ è½½æ’ä»¶: commit_quality\n2025-09-17 21:17:42 - Perfect21.PluginManager - INFO - æ’ä»¶åŠ è½½å®Œæˆ: 4/4 ä¸ªæ’ä»¶æˆåŠŸåŠ è½½\n2025-09-17 21:17:42 - Perfect21.HooksManager - INFO - æ’ä»¶åŠ è½½å®Œæˆ: 4/4\n2025-09-17 21:17:42 - Perfect21.PluginManager - INFO - æ’ä»¶ security_scan å·²å¸è½½\n2025-09-17 21:17:42 - Perfect21.PluginManager - INFO - æ’ä»¶ message_validator å·²å¸è½½\n2025-09-17 21:17:42 - Perfect21.PluginManager - INFO - æ’ä»¶ test_runner å·²å¸è½½\n2025-09-17 21:17:42 - Perfect21.PluginManager - INFO - æ’ä»¶ commit_quality å·²å¸è½½\n2025-09-17 21:17:42 - Perfect21.PluginManager - INFO - æ‰€æœ‰æ’ä»¶åŠå†…å­˜å·²æ¸…ç†\n2025-09-17 21:17:42 - Perfect21.HooksManager - INFO - GitHooksManageræ¸…ç†å®Œæˆ\n2025-09-17 21:17:42 - Perfect21.PluginManager - INFO - æ‰€æœ‰æ’ä»¶åŠå†…å­˜å·²æ¸…ç†\n2025-09-17 21:17:42 - Perfect21.HooksConfig - WARNING - é…ç½®æ–‡ä»¶ä¸å­˜åœ¨: /tmp/tmpr5zs8i60/features/git_workflow/hooks_config.yaml\n2025-09-17 21:17:42 - Perfect21.HooksManager - INFO - åˆå§‹åŒ–Git Hooksæ’ä»¶ç³»ç»Ÿ...\n2025-09-17 21:17:42 - Perfect21.PluginManager - INFO - å‘ç° 4 ä¸ªæ’ä»¶: ['security_scan', 'message_validator', 'test_runner', 'commit_quality']\n2025-09-17 21:17:42 - Perfect21.PluginManager - INFO - æˆåŠŸåŠ è½½æ’ä»¶: security_scan\n2025-09-17 21:17:42 - Perfect21.PluginManager - INFO - æˆåŠŸåŠ è½½æ’ä»¶: message_validator\n2025-09-17 21:17:42 - Perfect21.PluginManager - INFO - æˆåŠŸåŠ è½½æ’ä»¶: test_runner\n2025-09-17 21:17:42 - Perfect21.PluginManager - INFO - æˆåŠŸåŠ è½½æ’ä»¶: commit_quality\n2025-09-17 21:17:42 - Perfect21.PluginManager - INFO - æ’ä»¶åŠ è½½å®Œæˆ: 4/4 ä¸ªæ’ä»¶æˆåŠŸåŠ è½½\n2025-09-17 21:17:42 - Perfect21.HooksManager - INFO - æ’ä»¶åŠ è½½å®Œæˆ: 4/4\n2025-09-17 21:17:42 - Perfect21.PluginManager - INFO - æ’ä»¶ security_scan å·²å¸è½½\n2025-09-17 21:17:42 - Perfect21.PluginManager - INFO - æ’ä»¶ message_validator å·²å¸è½½\n2025-09-17 21:17:42 - Perfect21.PluginManager - INFO - æ’ä»¶ test_runner å·²å¸è½½\n2025-09-17 21:17:42 - Perfect21.PluginManager - INFO - æ’ä»¶ commit_quality å·²å¸è½½\n2025-09-17 21:17:42 - Perfect21.PluginManager - INFO - æ‰€æœ‰æ’ä»¶åŠå†…å­˜å·²æ¸…ç†\n2025-09-17 21:17:42 - Perfect21.HooksManager - INFO - GitHooksManageræ¸…ç†å®Œæˆ\n2025-09-17 21:17:42 - Perfect21.PluginManager - INFO - æ‰€æœ‰æ’ä»¶åŠå†…å­˜å·²æ¸…ç†\n2025-09-17 21:17:42 - Perfect21.HooksConfig - WARNING - é…ç½®æ–‡ä»¶ä¸å­˜åœ¨: /tmp/tmpdat7ltrw/features/git_workflow/hooks_config.yaml\n2025-09-17 21:17:42 - Perfect21.HooksManager - INFO - åˆå§‹åŒ–Git Hooksæ’ä»¶ç³»ç»Ÿ...\n2025-09-17 21:17:42 - Perfect21.PluginManager - INFO - å‘ç° 4 ä¸ªæ’ä»¶: ['security_scan', 'message_validator', 'test_runner', 'commit_quality']\n2025-09-17 21:17:42 - Perfect21.PluginManager - INFO - æˆåŠŸåŠ è½½æ’ä»¶: security_scan\n2025-09-17 21:17:42 - Perfect21.PluginManager - INFO - æˆåŠŸåŠ è½½æ’ä»¶: message_validator\n2025-09-17 21:17:42 - Perfect21.PluginManager - INFO - æˆåŠŸåŠ è½½æ’ä»¶: test_runner\n2025-09-17 21:17:42 - Perfect21.PluginManager - INFO - æˆåŠŸåŠ è½½æ’ä»¶: commit_quality\n2025-09-17 21:17:42 - Perfect21.PluginManager - INFO - æ’ä»¶åŠ è½½å®Œæˆ: 4/4 ä¸ªæ’ä»¶æˆåŠŸåŠ è½½\n2025-09-17 21:17:42 - Perfect21.HooksManager - INFO - æ’ä»¶åŠ è½½å®Œæˆ: 4/4\n2025-09-17 21:17:42 - Perfect21.PluginManager - INFO - æ’ä»¶ security_scan å·²å¸è½½\n2025-09-17 21:17:42 - Perfect21.PluginManager - INFO - æ’ä»¶ message_validator å·²å¸è½½\n2025-09-17 21:17:42 - Perfect21.PluginManager - INFO - æ’ä»¶ test_runner å·²å¸è½½\n2025-09-17 21:17:42 - Perfect21.PluginManager - INFO - æ’ä»¶ commit_quality å·²å¸è½½\n2025-09-17 21:17:43 - Perfect21.PluginManager - INFO - æ‰€æœ‰æ’ä»¶åŠå†…å­˜å·²æ¸…ç†\n2025-09-17 21:17:43 - Perfect21.HooksManager - INFO - GitHooksManageræ¸…ç†å®Œæˆ\n2025-09-17 21:17:43 - Perfect21.PluginManager - INFO - æ‰€æœ‰æ’ä»¶åŠå†…å­˜å·²æ¸…ç†\nTraceback (most recent call last):\n  File \"/home/xx/dev/Perfect21/test_git_hooks_integration_complete.py\", line 567, in <module>\n    success = run_git_hooks_integration_tests()\n  File \"/home/xx/dev/Perfect21/test_git_hooks_integration_complete.py\", line 559, in run_git_hooks_integration_tests\n    with open(report_file, 'w', encoding='utf-8') as f:\nFileNotFoundError: [Errno 2] No such file or directory: 'git_hooks_integration_test_results.json'\nError in sys.excepthook:\nTraceback (most recent call last):\n  File \"/usr/lib/python3/dist-packages/apport_python_hook.py\", line 76, in apport_excepthook\n    binary = os.path.realpath(os.path.join(os.getcwd(), sys.argv[0]))\nFileNotFoundError: [Errno 2] No such file or directory\n\nOriginal exception was:\nTraceback (most recent call last):\n  File \"/home/xx/dev/Perfect21/test_git_hooks_integration_complete.py\", line 567, in <module>\n    success = run_git_hooks_integration_tests()\n  File \"/home/xx/dev/Perfect21/test_git_hooks_integration_complete.py\", line 559, in run_git_hooks_integration_tests\n    with open(report_file, 'w', encoding='utf-8') as f:\nFileNotFoundError: [Errno 2] No such file or directory: 'git_hooks_integration_test_results.json'\n",
      "return_code": 1,
      "test_name": "Git Hooksé›†æˆæµ‹è¯•",
      "priority": "high"
    },
    {
      "script": "test_boundary_conditions_comprehensive.py",
      "success": false,
      "execution_time": 4.535085201263428,
      "stdout": "ğŸ”¬ Perfect21 è¾¹ç•Œæ¡ä»¶ç»¼åˆæµ‹è¯•\n============================================================\n\nğŸ“‹ è¿è¡Œ TestInputValidation\n----------------------------------------\n..æ¶æ„è¾“å…¥è¢«æ‹’ç»: AssertionError\n..\n----------------------------------------------------------------------\nRan 4 tests in 0.022s\n\nOK\n\nğŸ“‹ è¿è¡Œ TestConcurrencyAndLimits\n----------------------------------------\nå¹¶å‘çº§åˆ« 5: 5æˆåŠŸ, 0å¤±è´¥, æ€»æ—¶é—´0.00ç§’\nå¹¶å‘çº§åˆ« 10: 10æˆåŠŸ, 0å¤±è´¥, æ€»æ—¶é—´0.00ç§’\nå¹¶å‘çº§åˆ« 20: 20æˆåŠŸ, 0å¤±è´¥, æ€»æ—¶é—´0.01ç§’\nå†…å­˜ä½¿ç”¨æµ‹è¯•: åˆå§‹23.9MB, æœ€ç»ˆ24.4MB, å¢é•¿0.5MB\n..F\n======================================================================\nFAIL: test_concurrent_workflow_generation (__main__.TestConcurrencyAndLimits) (concurrency=5)\næµ‹è¯•å¹¶å‘å·¥ä½œæµç”Ÿæˆ\n----------------------------------------------------------------------\nTraceback (most recent call last):\n  File \"/home/xx/dev/Perfect21/test_boundary_conditions_comprehensive.py\", line 260, in test_concurrent_workflow_generation\n    self.assertLess(total_time, avg_execution_time * max_workers * 1.5,\nAssertionError: 0.0018630027770996094 not less than 0.0010936260223388672 : å¹¶å‘æ‰§è¡Œæ•ˆç‡è¿‡ä½\n\n======================================================================\nFAIL: test_concurrent_workflow_generation (__main__.TestConcurrencyAndLimits) (concurrency=10)\næµ‹è¯•å¹¶å‘å·¥ä½œæµç”Ÿæˆ\n----------------------------------------------------------------------\nTraceback (most recent call last):\n  File \"/home/xx/dev/Perfect21/test_boundary_conditions_comprehensive.py\", line 260, in test_concurrent_workflow_generation\n    self.assertLess(total_time, avg_execution_time * max_workers * 1.5,\nAssertionError: 0.0020346641540527344 not less than 0.0009505748748779297 : å¹¶å‘æ‰§è¡Œæ•ˆç‡è¿‡ä½\n\n======================================================================\nFAIL: test_concurrent_workflow_generation (__main__.TestConcurrencyAndLimits) (concurrency=20)\næµ‹è¯•å¹¶å‘å·¥ä½œæµç”Ÿæˆ\n----------------------------------------------------------------------\nTraceback (most recent call last):\n  File \"/home/xx/dev/Perfect21/test_boundary_conditions_comprehensive.py\", line 260, in test_concurrent_workflow_generation\n    self.assertLess(total_time, avg_execution_time * max_workers * 1.5,\nAssertionError: 0.005963325500488281 not less than 0.002143263816833496 : å¹¶å‘æ‰§è¡Œæ•ˆç‡è¿‡ä½\n\n======================================================================\nFAIL: test_timeout_handling (__main__.TestConcurrencyAndLimits)\næµ‹è¯•è¶…æ—¶å¤„ç†\n----------------------------------------------------------------------\nTraceback (most recent call last):\n  File \"/home/xx/dev/Perfect21/test_boundary_conditions_comprehensive.py\", line 324, in test_timeout_handling\n    self.assertLess(execution_time, 2.0, \"è¶…æ—¶å¤„ç†åº”è¯¥åŠæ—¶ç”Ÿæ•ˆ\")\nAssertionError: 3.0048985481262207 not less than 2.0 : è¶…æ—¶å¤„ç†åº”è¯¥åŠæ—¶ç”Ÿæ•ˆ\n\n----------------------------------------------------------------------\nRan 4 tests in 3.460s\n\nFAILED (failures=4)\n\nğŸ“‹ è¿è¡Œ TestErrorRecoveryMechanisms\n----------------------------------------\n....\n----------------------------------------------------------------------\nRan 4 tests in 0.903s\n\nOK\n\n============================================================\nğŸ“Š è¾¹ç•Œæ¡ä»¶æµ‹è¯•æŠ¥å‘Š\n============================================================\næ€»æµ‹è¯•æ•°: 12\næˆåŠŸ: 8\nå¤±è´¥: 4\né”™è¯¯: 0\næ•´ä½“æˆåŠŸç‡: 66.7%\næ€»æ‰§è¡Œæ—¶é—´: 4.38ç§’\n\nğŸ“‹ å„æµ‹è¯•ç±»ç»“æœ:\n  âœ… TestInputValidation: 100.0% (4ä¸ªæµ‹è¯•)\n  âŒ TestConcurrencyAndLimits: 0.0% (4ä¸ªæµ‹è¯•)\n  âœ… TestErrorRecoveryMechanisms: 100.0% (4ä¸ªæµ‹è¯•)\n\nğŸ¯ è¾¹ç•Œæ¡ä»¶æµ‹è¯•è¦†ç›–:\n  âœ… TestInputValidation ç©ºè¾“å…¥å’Œå¼‚å¸¸è¾“å…¥å¤„ç†\n  âœ… TestInputValidation ç‰¹æ®Šå­—ç¬¦å’Œç¼–ç å¤„ç†\n  âœ… TestInputValidation æ³¨å…¥æ”»å‡»é˜²æŠ¤\n  âœ… TestConcurrencyAndLimits å¹¶å‘æ‰§è¡Œé™åˆ¶\n  âœ… TestConcurrencyAndLimits å†…å­˜ä½¿ç”¨æ§åˆ¶\n  âœ… TestConcurrencyAndLimits è¶…æ—¶å¤„ç†æœºåˆ¶\n  âœ… TestErrorRecoveryMechanisms ç½‘ç»œé”™è¯¯æ¢å¤\n  âœ… TestErrorRecoveryMechanisms æ–‡ä»¶ç³»ç»Ÿé”™è¯¯å¤„ç†\n  âœ… TestErrorRecoveryMechanisms ä¼˜é›…é™çº§æœºåˆ¶\n  âœ… TestErrorRecoveryMechanisms æ–­è·¯å™¨æ¨¡å¼\n\nğŸ“„ è¯¦ç»†æŠ¥å‘Šå·²ä¿å­˜: boundary_conditions_test_report.json\n",
      "stderr": "Failed to generate workflow: 'NoneType' object has no attribute 'encode'\n",
      "return_code": 1,
      "test_name": "è¾¹ç•Œæ¡ä»¶ç»¼åˆæµ‹è¯•",
      "priority": "high"
    },
    {
      "script": "test_perfect21_comprehensive_system.py",
      "success": false,
      "execution_time": 2.5645124912261963,
      "stdout": "ğŸš€ Perfect21 ç»¼åˆæµ‹è¯•å¥—ä»¶å¯åŠ¨\n============================================================\nğŸ“‹ å¼€å§‹æ‰§è¡Œ 26 ä¸ªæµ‹è¯•ç”¨ä¾‹...\n------------------------------------------------------------\ntest_agent_capability_creation (__main__.TestDynamicWorkflowGenerator)\næµ‹è¯•Agentèƒ½åŠ›å¯¹è±¡åˆ›å»º ... ok\ntest_agent_selection_logic (__main__.TestDynamicWorkflowGenerator)\næµ‹è¯•Agenté€‰æ‹©é€»è¾‘ - éªŒè¯æ˜¯å¦é€‰æ‹©3-5ä¸ªagents ... FAIL\ntest_agent_selector_performance (__main__.TestDynamicWorkflowGenerator)\næµ‹è¯•Agenté€‰æ‹©å™¨æ€§èƒ½ ... ok\ntest_complexity_analysis (__main__.TestDynamicWorkflowGenerator)\næµ‹è¯•å¤æ‚åº¦åˆ†æç®—æ³• ... FAIL\ntest_regex_pattern_matching (__main__.TestDynamicWorkflowGenerator)\næµ‹è¯•é¢„ç¼–è¯‘æ­£åˆ™è¡¨è¾¾å¼åŒ¹é… ... FAIL\ntest_task_requirement_parsing (__main__.TestDynamicWorkflowGenerator)\næµ‹è¯•ä»»åŠ¡éœ€æ±‚è§£æ ... FAIL\ntest_workflow_generation_success_patterns (__main__.TestDynamicWorkflowGenerator)\næµ‹è¯•æˆåŠŸæ¨¡å¼åŒ¹é…æ˜¯å¦å·¥ä½œ ... ok\ntest_workflow_template_selection (__main__.TestDynamicWorkflowGenerator)\næµ‹è¯•å·¥ä½œæµæ¨¡æ¿é€‰æ‹© ... ok\ntest_cli_config_access (__main__.TestCLIIntegration)\næµ‹è¯•CLIé…ç½®è®¿é—® ... ok\ntest_cli_hooks_command (__main__.TestCLIIntegration)\næµ‹è¯•CLI hookså‘½ä»¤ ... ok\ntest_cli_parallel_command (__main__.TestCLIIntegration)\næµ‹è¯•CLIå¹¶è¡Œå‘½ä»¤ ... ok\ntest_cli_status_command (__main__.TestCLIIntegration)\næµ‹è¯•CLIçŠ¶æ€å‘½ä»¤ ... ok\ntest_git_hooks_manager_import (__main__.TestGitHooksIntegration)\næµ‹è¯•Git hooksç®¡ç†å™¨å¯¼å…¥ ... [main (root-commit) 1993d6b] Initial commit\n 1 file changed, 1 insertion(+)\n create mode 100644 README.md\nok\ntest_hook_execution_simulation (__main__.TestGitHooksIntegration)\næ¨¡æ‹Ÿæµ‹è¯•hookæ‰§è¡Œ ... [main (root-commit) 1993d6b] Initial commit\n 1 file changed, 1 insertion(+)\n create mode 100644 README.md\nok\ntest_hooks_installation_simulation (__main__.TestGitHooksIntegration)\næ¨¡æ‹Ÿæµ‹è¯•hookså®‰è£… ... [main (root-commit) 1993d6b] Initial commit\n 1 file changed, 1 insertion(+)\n create mode 100644 README.md\nok\ntest_parallel_execution_logic (__main__.TestWorkflowExecution)\næµ‹è¯•å¹¶è¡Œæ‰§è¡Œé€»è¾‘ ... ok\ntest_workflow_structure_validation (__main__.TestWorkflowExecution)\næµ‹è¯•å·¥ä½œæµç»“æ„éªŒè¯ ... ok\ntest_concurrent_execution_limits (__main__.TestBoundaryConditions)\næµ‹è¯•å¹¶å‘æ‰§è¡Œé™åˆ¶ ... ok\ntest_empty_input_handling (__main__.TestBoundaryConditions)\næµ‹è¯•ç©ºè¾“å…¥å¤„ç† ... ok\ntest_error_recovery_mechanisms (__main__.TestBoundaryConditions)\næµ‹è¯•é”™è¯¯æ¢å¤æœºåˆ¶ ... ok\ntest_extremely_long_input (__main__.TestBoundaryConditions)\næµ‹è¯•æé•¿è¾“å…¥ ... ok\ntest_memory_usage_limits (__main__.TestBoundaryConditions)\næµ‹è¯•å†…å­˜ä½¿ç”¨é™åˆ¶ ... ok\ntest_special_characters_input (__main__.TestBoundaryConditions)\næµ‹è¯•ç‰¹æ®Šå­—ç¬¦è¾“å…¥ ... ok\ntest_timeout_handling (__main__.TestBoundaryConditions)\næµ‹è¯•è¶…æ—¶å¤„ç† ... FAIL\ntest_agent_selection_performance (__main__.TestPerformanceMetrics)\næµ‹è¯•Agenté€‰æ‹©æ€§èƒ½ ... ok\ntest_workflow_generation_performance (__main__.TestPerformanceMetrics)\næµ‹è¯•å·¥ä½œæµç”Ÿæˆæ€§èƒ½ ... ok\n\n======================================================================\nFAIL: test_agent_selection_logic (__main__.TestDynamicWorkflowGenerator)\næµ‹è¯•Agenté€‰æ‹©é€»è¾‘ - éªŒè¯æ˜¯å¦é€‰æ‹©3-5ä¸ªagents\n----------------------------------------------------------------------\nTraceback (most recent call last):\n  File \"/home/xx/dev/Perfect21/test_perfect21_comprehensive_system.py\", line 108, in test_agent_selection_logic\n    self.assertGreater(len(selected_agents), 0, \"è‡³å°‘åº”è¯¥é€‰æ‹©ä¸€ä¸ªagent\")\nAssertionError: 0 not greater than 0 : è‡³å°‘åº”è¯¥é€‰æ‹©ä¸€ä¸ªagent\n\n======================================================================\nFAIL: test_complexity_analysis (__main__.TestDynamicWorkflowGenerator)\næµ‹è¯•å¤æ‚åº¦åˆ†æç®—æ³•\n----------------------------------------------------------------------\nTraceback (most recent call last):\n  File \"/home/xx/dev/Perfect21/test_perfect21_comprehensive_system.py\", line 90, in test_complexity_analysis\n    self.assertLessEqual(complexity, max_expected,\nAssertionError: 5.0 not less than or equal to 4.0 : å¤æ‚åº¦è¿‡é«˜: ç®€å•çš„bugä¿®å¤ -> 5.0\n\n======================================================================\nFAIL: test_regex_pattern_matching (__main__.TestDynamicWorkflowGenerator)\næµ‹è¯•é¢„ç¼–è¯‘æ­£åˆ™è¡¨è¾¾å¼åŒ¹é…\n----------------------------------------------------------------------\nTraceback (most recent call last):\n  File \"/home/xx/dev/Perfect21/test_perfect21_comprehensive_system.py\", line 219, in test_regex_pattern_matching\n    self.assertTrue(\nAssertionError: False is not true : æœŸæœ›åœ¨'è¿™æ˜¯high priorityçš„urgentä»»åŠ¡'ä¸­æ‰¾åˆ°'high'\n\n======================================================================\nFAIL: test_task_requirement_parsing (__main__.TestDynamicWorkflowGenerator)\næµ‹è¯•ä»»åŠ¡éœ€æ±‚è§£æ\n----------------------------------------------------------------------\nTraceback (most recent call last):\n  File \"/home/xx/dev/Perfect21/test_perfect21_comprehensive_system.py\", line 75, in test_task_requirement_parsing\n    self.assertGreater(task_req.complexity, 5.0)  # åº”è¯¥è¯†åˆ«ä¸ºé«˜å¤æ‚åº¦\nAssertionError: 5.0 not greater than 5.0\n\n======================================================================\nFAIL: test_timeout_handling (__main__.TestBoundaryConditions)\næµ‹è¯•è¶…æ—¶å¤„ç†\n----------------------------------------------------------------------\nTraceback (most recent call last):\n  File \"/usr/lib/python3.10/asyncio/tasks.py\", line 456, in wait_for\n    return fut.result()\nasyncio.exceptions.CancelledError\n\nThe above exception was the direct cause of the following exception:\n\nTraceback (most recent call last):\n  File \"/home/xx/dev/Perfect21/test_perfect21_comprehensive_system.py\", line 573, in test_timeout_handling\n    asyncio.run(run_with_timeout())\n  File \"/usr/lib/python3.10/asyncio/runners.py\", line 44, in run\n    return loop.run_until_complete(main)\n  File \"/usr/lib/python3.10/asyncio/base_events.py\", line 649, in run_until_complete\n    return future.result()\n  File \"/home/xx/dev/Perfect21/test_perfect21_comprehensive_system.py\", line 568, in run_with_timeout\n    return await asyncio.wait_for(\n  File \"/usr/lib/python3.10/asyncio/tasks.py\", line 458, in wait_for\n    raise exceptions.TimeoutError() from exc\nasyncio.exceptions.TimeoutError\n\nDuring handling of the above exception, another exception occurred:\n\nTraceback (most recent call last):\n  File \"/home/xx/dev/Perfect21/test_perfect21_comprehensive_system.py\", line 578, in test_timeout_handling\n    self.assertLess(execution_time, 1.5, \"è¶…æ—¶å¤„ç†åº”è¯¥åŠæ—¶ç”Ÿæ•ˆ\")\nAssertionError: 2.003544807434082 not less than 1.5 : è¶…æ—¶å¤„ç†åº”è¯¥åŠæ—¶ç”Ÿæ•ˆ\n\n----------------------------------------------------------------------\nRan 26 tests in 2.410s\n\nFAILED (failures=5)\n\n============================================================\nğŸ“Š Perfect21 æµ‹è¯•æŠ¥å‘Š\n============================================================\næ€»æµ‹è¯•æ•°: 26\næˆåŠŸ: 21\nå¤±è´¥: 5\né”™è¯¯: 0\nè·³è¿‡: 0\næˆåŠŸç‡: 80.8%\næ‰§è¡Œæ—¶é—´: 2.41ç§’\n\nâŒ å¤±è´¥çš„æµ‹è¯•:\n  - test_agent_selection_logic (__main__.TestDynamicWorkflowGenerator): 0 not greater than 0 : è‡³å°‘åº”è¯¥é€‰æ‹©ä¸€ä¸ªagent\n  - test_complexity_analysis (__main__.TestDynamicWorkflowGenerator): 5.0 not less than or equal to 4.0 : å¤æ‚åº¦è¿‡é«˜: ç®€å•çš„bugä¿®å¤ -> 5.0\n  - test_regex_pattern_matching (__main__.TestDynamicWorkflowGenerator): False is not true : æœŸæœ›åœ¨'è¿™æ˜¯high priorityçš„urgentä»»åŠ¡'ä¸­æ‰¾åˆ°'high'\n  - test_task_requirement_parsing (__main__.TestDynamicWorkflowGenerator): 5.0 not greater than 5.0\n  - test_timeout_handling (__main__.TestBoundaryConditions): 2.003544807434082 not less than 1.5 : è¶…æ—¶å¤„ç†åº”è¯¥åŠæ—¶ç”Ÿæ•ˆ\n\nğŸ“„ è¯¦ç»†æŠ¥å‘Šå·²ä¿å­˜åˆ°: perfect21_comprehensive_test_report.json\n",
      "stderr": "2025-09-17 21:17:48 - Perfect21.HooksConfig - WARNING - é…ç½®æ–‡ä»¶ä¸å­˜åœ¨: /tmp/tmpkmze2i33/features/git_workflow/hooks_config.yaml\n2025-09-17 21:17:48 - Perfect21.HooksManager - INFO - åˆå§‹åŒ–Git Hooksæ’ä»¶ç³»ç»Ÿ...\n2025-09-17 21:17:48 - Perfect21.PluginManager - INFO - å‘ç° 4 ä¸ªæ’ä»¶: ['security_scan', 'message_validator', 'test_runner', 'commit_quality']\n2025-09-17 21:17:48 - Perfect21.PluginManager - INFO - æˆåŠŸåŠ è½½æ’ä»¶: security_scan\n2025-09-17 21:17:48 - Perfect21.PluginManager - INFO - æˆåŠŸåŠ è½½æ’ä»¶: message_validator\n2025-09-17 21:17:48 - Perfect21.PluginManager - INFO - æˆåŠŸåŠ è½½æ’ä»¶: test_runner\n2025-09-17 21:17:48 - Perfect21.PluginManager - INFO - æˆåŠŸåŠ è½½æ’ä»¶: commit_quality\n2025-09-17 21:17:48 - Perfect21.PluginManager - INFO - æ’ä»¶åŠ è½½å®Œæˆ: 4/4 ä¸ªæ’ä»¶æˆåŠŸåŠ è½½\n2025-09-17 21:17:48 - Perfect21.HooksManager - INFO - æ’ä»¶åŠ è½½å®Œæˆ: 4/4\n2025-09-17 21:17:48 - Perfect21.PluginManager - INFO - æ’ä»¶ security_scan å·²å¸è½½\n2025-09-17 21:17:48 - Perfect21.PluginManager - INFO - æ’ä»¶ message_validator å·²å¸è½½\n2025-09-17 21:17:48 - Perfect21.PluginManager - INFO - æ’ä»¶ test_runner å·²å¸è½½\n2025-09-17 21:17:48 - Perfect21.PluginManager - INFO - æ’ä»¶ commit_quality å·²å¸è½½\n2025-09-17 21:17:48 - Perfect21.PluginManager - INFO - æ‰€æœ‰æ’ä»¶åŠå†…å­˜å·²æ¸…ç†\n2025-09-17 21:17:48 - Perfect21.HooksManager - INFO - GitHooksManageræ¸…ç†å®Œæˆ\n2025-09-17 21:17:48 - Perfect21.PluginManager - INFO - æ‰€æœ‰æ’ä»¶åŠå†…å­˜å·²æ¸…ç†\n",
      "return_code": 1,
      "test_name": "Perfect21ç³»ç»Ÿç»¼åˆæµ‹è¯•",
      "priority": "medium"
    }
  ],
  "coverage_summary": {
    "core_functionality": {
      "agent_selection_logic": "âœ… éªŒè¯3-5ä¸ªagentsé€‰æ‹©é€»è¾‘",
      "workflow_generation": "âœ… æµ‹è¯•å·¥ä½œæµç”Ÿæˆæ¨¡å¼åŒ¹é…",
      "complexity_analysis": "âœ… æµ‹è¯•ä»»åŠ¡å¤æ‚åº¦åˆ†æ"
    },
    "integration_testing": {
      "git_hooks_installation": "âœ… æµ‹è¯•hookså®‰è£…å’Œæ‰§è¡Œ",
      "cli_commands": "âœ… æµ‹è¯•CLIå‘½ä»¤æ­£å¸¸å·¥ä½œ",
      "workflow_execution": "âœ… æµ‹è¯•å·¥ä½œæµæ‰§è¡Œå™¨"
    },
    "boundary_conditions": {
      "empty_invalid_inputs": "âœ… æµ‹è¯•ç©ºè¾“å…¥å’Œå¼‚å¸¸è¾“å…¥",
      "concurrent_execution": "âœ… æµ‹è¯•å¹¶å‘æ‰§è¡Œé™åˆ¶",
      "error_recovery": "âœ… æµ‹è¯•é”™è¯¯æ¢å¤æœºåˆ¶",
      "memory_management": "âœ… æµ‹è¯•å†…å­˜ä½¿ç”¨æ§åˆ¶"
    }
  },
  "recommendations": {
    "quality_assessment": "needs_improvement",
    "priority_areas": [
      "Agenté€‰æ‹©é€»è¾‘ä¼˜åŒ–",
      "Git Hooksé›†æˆä¿®å¤",
      "è¾¹ç•Œæ¡ä»¶å¤„ç†å¢å¼º"
    ]
  }
}