{
  "test_run_info": {
    "timestamp": "2025-09-17T19:11:17.740406",
    "duration": 1.2079298496246338,
    "python_version": "3.10.12 (main, Aug 15 2025, 14:32:43) [GCC 11.4.0]",
    "config_file": "tests/performance_benchmark_config.yaml"
  },
  "summary": {
    "total_test_suites": 1,
    "total_tests": 0,
    "total_passed": 0,
    "total_failed": 1,
    "total_skipped": 0,
    "success_rate": 0,
    "total_duration": 0,
    "overall_status": "FAILED"
  },
  "detailed_results": {
    "parallel_execution": {
      "status": "unknown",
      "tests_run": 0,
      "tests_passed": 0,
      "tests_failed": 1,
      "stdout": "============================= test session starts ==============================\nplatform linux -- Python 3.10.12, pytest-8.4.1, pluggy-1.6.0 -- /usr/bin/python3\ncachedir: .pytest_cache\nrootdir: /home/xx/dev/Perfect21\nconfigfile: pytest.ini\nplugins: asyncio-1.2.0, anyio-4.10.0, langsmith-0.4.26, cov-6.2.1\nasyncio: mode=strict, debug=False, asyncio_default_fixture_loop_scope=None, asyncio_default_test_loop_scope=function\ncollecting ... collected 0 items\n\n============================ no tests ran in 0.01s =============================\n",
      "stderr": "ERROR: directory argument cannot contain :: selection parts: ::TestParallelExecution\n\n"
    }
  },
  "performance_analysis": {
    "parallel_execution": "FAILED - Unknown error",
    "performance_benchmarks": "Not tested",
    "resource_efficiency": "Not tested",
    "agent_selection_accuracy": "Not tested"
  },
  "recommendations": [
    "\u4f18\u5316\u5e76\u884c\u6267\u884c\u673a\u5236\uff0c\u68c0\u67e5\u7ebf\u7a0b\u6c60\u914d\u7f6e\u548c\u4efb\u52a1\u8c03\u5ea6\u7b97\u6cd5"
  ]
}