
        <!DOCTYPE html>
        <html>
        <head>
            <title>Perfect21 Test Report</title>
            <style>
                body { font-family: Arial, sans-serif; margin: 20px; }
                .header { background: #f0f0f0; padding: 20px; border-radius: 5px; }
                .summary { margin: 20px 0; }
                .test-section { margin: 20px 0; padding: 15px; border: 1px solid #ddd; }
                .success { background: #d4edda; }
                .failure { background: #f8d7da; }
                .metric { display: inline-block; margin: 10px; padding: 10px; background: #e9ecef; }
            </style>
        </head>
        <body>
            <div class="header">
                <h1>Perfect21 Test Suite Report</h1>
                <p>Generated: 2025-09-17T09:19:25.905468</p>
                <p>Execution Time: 7.80 seconds</p>
            </div>

            <div class="summary">
                <h2>Summary</h2>
                <div class="metric">Total Tests: 0</div>
                <div class="metric">Passed: 0</div>
                <div class="metric">Failed: 0</div>
                <div class="metric">Pass Rate: 0.0%</div>
            </div>

            <h2>Test Results</h2>
        
            <div class="test-section failure">
                <h3>Unit Tests - FAILED</h3>
                <p>Return Code: 2</p>
                <details>
                    <summary>Output</summary>
                    <pre>============================= test session starts ==============================
platform linux -- Python 3.10.12, pytest-8.4.1, pluggy-1.6.0 -- /usr/bin/python3
cachedir: .pytest_cache
rootdir: /home/xx/dev/Perfect21/tests
configfile: pytest.ini
plugins: asyncio-1.2.0, anyio-4.10.0, langsmith-0.4.26, cov-6.2.1
asyncio: mode=strict, debug=False, asyncio_default_fixture_loop_scope=None, asyncio_default_test_loop_scope=function
collecting ... collected 35 items / 1 error

==================================== ERRORS ====================================
______________________ ERROR collecting unit/test_cli.py _______________________
ImportError while importing test module '/home/xx/dev/Perfect21/tests/unit/test_cli.py'.
Hint: make sure your test modules/packages have valid Python names.
Traceback:
/usr/lib/python3.10/importlib/__init__.py:126: in import_module
    return _bootstrap._gcd_import(name[level:], package, level)
tests/unit/test_cli.py:19: in <module>
    from main.perfect21 impo...</pre>
                </details>
                
            </div>
            
            <div class="test-section failure">
                <h3>Integration Tests - FAILED</h3>
                <p>Return Code: 2</p>
                <details>
                    <summary>Output</summary>
                    <pre>============================= test session starts ==============================
platform linux -- Python 3.10.12, pytest-8.4.1, pluggy-1.6.0 -- /usr/bin/python3
cachedir: .pytest_cache
rootdir: /home/xx/dev/Perfect21/tests
configfile: pytest.ini
plugins: asyncio-1.2.0, anyio-4.10.0, langsmith-0.4.26, cov-6.2.1
asyncio: mode=strict, debug=False, asyncio_default_fixture_loop_scope=None, asyncio_default_test_loop_scope=function
collecting ... collected 93 items / 3 errors / 50 deselected / 43 selected

==================================== ERRORS ====================================
______________ ERROR collecting e2e/test_development_workflow.py _______________
ImportError while importing test module '/home/xx/dev/Perfect21/tests/e2e/test_development_workflow.py'.
Hint: make sure your test modules/packages have valid Python names.
Traceback:
/usr/lib/python3.10/importlib/__init__.py:126: in import_module
    return _bootstrap._gcd_import(name[level:], package, level)
tests/e2e/test_devel...</pre>
                </details>
                
            </div>
            
            <div class="test-section failure">
                <h3>Security Tests - FAILED</h3>
                <p>Return Code: 2</p>
                <details>
                    <summary>Output</summary>
                    <pre>============================= test session starts ==============================
platform linux -- Python 3.10.12, pytest-8.4.1, pluggy-1.6.0 -- /usr/bin/python3
cachedir: .pytest_cache
rootdir: /home/xx/dev/Perfect21/tests
configfile: pytest.ini
plugins: asyncio-1.2.0, anyio-4.10.0, langsmith-0.4.26, cov-6.2.1
asyncio: mode=strict, debug=False, asyncio_default_fixture_loop_scope=None, asyncio_default_test_loop_scope=function
collecting ... collected 93 items / 3 errors / 88 deselected / 5 selected

==================================== ERRORS ====================================
______________ ERROR collecting e2e/test_development_workflow.py _______________
ImportError while importing test module '/home/xx/dev/Perfect21/tests/e2e/test_development_workflow.py'.
Hint: make sure your test modules/packages have valid Python names.
Traceback:
/usr/lib/python3.10/importlib/__init__.py:126: in import_module
    return _bootstrap._gcd_import(name[level:], package, level)
tests/e2e/test_develo...</pre>
                </details>
                
            </div>
            
            <div class="test-section failure">
                <h3>Performance Tests - FAILED</h3>
                <p>Return Code: 2</p>
                <details>
                    <summary>Output</summary>
                    <pre>============================= test session starts ==============================
platform linux -- Python 3.10.12, pytest-8.4.1, pluggy-1.6.0 -- /usr/bin/python3
cachedir: .pytest_cache
rootdir: /home/xx/dev/Perfect21/tests
configfile: pytest.ini
plugins: asyncio-1.2.0, anyio-4.10.0, langsmith-0.4.26, cov-6.2.1
asyncio: mode=strict, debug=False, asyncio_default_fixture_loop_scope=None, asyncio_default_test_loop_scope=function
collecting ... collected 93 items / 3 errors / 90 deselected / 3 selected

==================================== ERRORS ====================================
______________ ERROR collecting e2e/test_development_workflow.py _______________
ImportError while importing test module '/home/xx/dev/Perfect21/tests/e2e/test_development_workflow.py'.
Hint: make sure your test modules/packages have valid Python names.
Traceback:
/usr/lib/python3.10/importlib/__init__.py:126: in import_module
    return _bootstrap._gcd_import(name[level:], package, level)
tests/e2e/test_develo...</pre>
                </details>
                
            </div>
            
            <h2>Recommendations</h2>
            <ul>
        <li>All tests passing! Consider adding more edge cases.</li>
            </ul>
        </body>
        </html>
        